
Circuit 1 cell sky130_fd_pr__pfet_01v8_hvt and Circuit 2 cell sky130_fd_pr__pfet_01v8_hvt are black boxes.
Warning: Equate pins:  cell sky130_fd_pr__pfet_01v8_hvt is a placeholder, treated as a black box.
Warning: Equate pins:  cell sky130_fd_pr__pfet_01v8_hvt is a placeholder, treated as a black box.

Subcircuit pins:
Circuit 1: sky130_fd_pr__pfet_01v8_hvt     |Circuit 2: sky130_fd_pr__pfet_01v8_hvt     
-------------------------------------------|-------------------------------------------
1                                          |1                                          
2                                          |2                                          
3                                          |3                                          
4                                          |4                                          
---------------------------------------------------------------------------------------
Cell pin lists are equivalent.
Device classes sky130_fd_pr__pfet_01v8_hvt and sky130_fd_pr__pfet_01v8_hvt are equivalent.

Circuit 1 cell sky130_fd_pr__nfet_01v8 and Circuit 2 cell sky130_fd_pr__nfet_01v8 are black boxes.
Warning: Equate pins:  cell sky130_fd_pr__nfet_01v8 is a placeholder, treated as a black box.
Warning: Equate pins:  cell sky130_fd_pr__nfet_01v8 is a placeholder, treated as a black box.

Subcircuit pins:
Circuit 1: sky130_fd_pr__nfet_01v8         |Circuit 2: sky130_fd_pr__nfet_01v8         
-------------------------------------------|-------------------------------------------
1                                          |1                                          
2                                          |2                                          
3                                          |3                                          
4                                          |4                                          
---------------------------------------------------------------------------------------
Cell pin lists are equivalent.
Device classes sky130_fd_pr__nfet_01v8 and sky130_fd_pr__nfet_01v8 are equivalent.

Circuit 1 cell sky130_fd_pr__pfet_01v8 and Circuit 2 cell sky130_fd_pr__pfet_01v8 are black boxes.
Warning: Equate pins:  cell sky130_fd_pr__pfet_01v8 is a placeholder, treated as a black box.
Warning: Equate pins:  cell sky130_fd_pr__pfet_01v8 is a placeholder, treated as a black box.

Subcircuit pins:
Circuit 1: sky130_fd_pr__pfet_01v8         |Circuit 2: sky130_fd_pr__pfet_01v8         
-------------------------------------------|-------------------------------------------
1                                          |1                                          
2                                          |2                                          
3                                          |3                                          
4                                          |4                                          
---------------------------------------------------------------------------------------
Cell pin lists are equivalent.
Device classes sky130_fd_pr__pfet_01v8 and sky130_fd_pr__pfet_01v8 are equivalent.

Circuit 1 cell sky130_fd_pr__special_nfet_01v8 and Circuit 2 cell sky130_fd_pr__special_nfet_01v8 are black boxes.
Warning: Equate pins:  cell sky130_fd_pr__special_nfet_01v8 is a placeholder, treated as a black box.
Warning: Equate pins:  cell sky130_fd_pr__special_nfet_01v8 is a placeholder, treated as a black box.

Subcircuit pins:
Circuit 1: sky130_fd_pr__special_nfet_01v8 |Circuit 2: sky130_fd_pr__special_nfet_01v8 
-------------------------------------------|-------------------------------------------
1                                          |1                                          
2                                          |2                                          
3                                          |3                                          
4                                          |4                                          
---------------------------------------------------------------------------------------
Cell pin lists are equivalent.
Device classes sky130_fd_pr__special_nfet_01v8 and sky130_fd_pr__special_nfet_01v8 are equivalent.

Circuit 1 cell sky130_fd_pr__cap_mim_m3_1 and Circuit 2 cell sky130_fd_pr__cap_mim_m3_1 are black boxes.
Warning: Equate pins:  cell sky130_fd_pr__cap_mim_m3_1 is a placeholder, treated as a black box.
Warning: Equate pins:  cell sky130_fd_pr__cap_mim_m3_1 is a placeholder, treated as a black box.

Subcircuit pins:
Circuit 1: sky130_fd_pr__cap_mim_m3_1      |Circuit 2: sky130_fd_pr__cap_mim_m3_1      
-------------------------------------------|-------------------------------------------
1                                          |1                                          
2                                          |2                                          
---------------------------------------------------------------------------------------
Cell pin lists are equivalent.
Device classes sky130_fd_pr__cap_mim_m3_1 and sky130_fd_pr__cap_mim_m3_1 are equivalent.

Class sky130_fd_sc_hd__inv_2 (0):  Merged 2 parallel devices.
Class sky130_fd_sc_hd__inv_2 (1):  Merged 2 parallel devices.
Subcircuit summary:
Circuit 1: sky130_fd_sc_hd__inv_2          |Circuit 2: sky130_fd_sc_hd__inv_2          
-------------------------------------------|-------------------------------------------
sky130_fd_pr__pfet_01v8_hvt (2->1)         |sky130_fd_pr__pfet_01v8_hvt (2->1)         
sky130_fd_pr__nfet_01v8 (2->1)             |sky130_fd_pr__nfet_01v8 (2->1)             
Number of devices: 2                       |Number of devices: 2                       
Number of nets: 6                          |Number of nets: 6                          
---------------------------------------------------------------------------------------
Netlists match uniquely.

Subcircuit pins:
Circuit 1: sky130_fd_sc_hd__inv_2          |Circuit 2: sky130_fd_sc_hd__inv_2          
-------------------------------------------|-------------------------------------------
VGND                                       |VGND                                       
VNB                                        |VNB                                        
VPWR                                       |VPWR                                       
VPB                                        |VPB                                        
Y                                          |Y                                          
A                                          |A                                          
---------------------------------------------------------------------------------------
Cell pin lists are equivalent.
Device classes sky130_fd_sc_hd__inv_2 and sky130_fd_sc_hd__inv_2 are equivalent.

Circuit 1 cell sky130_fd_pr__res_xhigh_po_1p41 and Circuit 2 cell sky130_fd_pr__res_xhigh_po_1p41 are black boxes.
Warning: Equate pins:  cell sky130_fd_pr__res_xhigh_po_1p41 is a placeholder, treated as a black box.
Warning: Equate pins:  cell sky130_fd_pr__res_xhigh_po_1p41 is a placeholder, treated as a black box.

Subcircuit pins:
Circuit 1: sky130_fd_pr__res_xhigh_po_1p41 |Circuit 2: sky130_fd_pr__res_xhigh_po_1p41 
-------------------------------------------|-------------------------------------------
1                                          |1                                          
2                                          |2                                          
3                                          |3                                          
---------------------------------------------------------------------------------------
Cell pin lists are equivalent.
Device classes sky130_fd_pr__res_xhigh_po_1p41 and sky130_fd_pr__res_xhigh_po_1p41 are equivalent.

Class sky130_fd_sc_hd__dfrbp_2 (0):  Merged 4 parallel devices.
Class sky130_fd_sc_hd__dfrbp_2 (1):  Merged 4 parallel devices.
Subcircuit summary:
Circuit 1: sky130_fd_sc_hd__dfrbp_2        |Circuit 2: sky130_fd_sc_hd__dfrbp_2        
-------------------------------------------|-------------------------------------------
sky130_fd_pr__nfet_01v8 (14->12)           |sky130_fd_pr__nfet_01v8 (14->12)           
sky130_fd_pr__special_nfet_01v8 (4)        |sky130_fd_pr__special_nfet_01v8 (4)        
sky130_fd_pr__pfet_01v8_hvt (18->16)       |sky130_fd_pr__pfet_01v8_hvt (18->16)       
Number of devices: 32                      |Number of devices: 32                      
Number of nets: 23                         |Number of nets: 23                         
---------------------------------------------------------------------------------------
Netlists match uniquely.

Subcircuit pins:
Circuit 1: sky130_fd_sc_hd__dfrbp_2        |Circuit 2: sky130_fd_sc_hd__dfrbp_2        
-------------------------------------------|-------------------------------------------
VPWR                                       |VPWR                                       
VGND                                       |VGND                                       
RESET_B                                    |RESET_B                                    
VPB                                        |VPB                                        
VNB                                        |VNB                                        
Q                                          |Q                                          
Q_N                                        |Q_N                                        
D                                          |D                                          
CLK                                        |CLK                                        
---------------------------------------------------------------------------------------
Cell pin lists are equivalent.
Device classes sky130_fd_sc_hd__dfrbp_2 and sky130_fd_sc_hd__dfrbp_2 are equivalent.

Class sky130_fd_sc_hd__and2_2 (0):  Merged 2 parallel devices.
Class sky130_fd_sc_hd__and2_2 (1):  Merged 2 parallel devices.
Subcircuit summary:
Circuit 1: sky130_fd_sc_hd__and2_2         |Circuit 2: sky130_fd_sc_hd__and2_2         
-------------------------------------------|-------------------------------------------
sky130_fd_pr__pfet_01v8_hvt (4->3)         |sky130_fd_pr__pfet_01v8_hvt (4->3)         
sky130_fd_pr__nfet_01v8 (4->3)             |sky130_fd_pr__nfet_01v8 (4->3)             
Number of devices: 6                       |Number of devices: 6                       
Number of nets: 9                          |Number of nets: 9                          
---------------------------------------------------------------------------------------
Netlists match uniquely.

Subcircuit pins:
Circuit 1: sky130_fd_sc_hd__and2_2         |Circuit 2: sky130_fd_sc_hd__and2_2         
-------------------------------------------|-------------------------------------------
VPWR                                       |VPWR                                       
VPB                                        |VPB                                        
VNB                                        |VNB                                        
X                                          |X                                          
A                                          |A                                          
B                                          |B                                          
VGND                                       |VGND                                       
---------------------------------------------------------------------------------------
Cell pin lists are equivalent.
Device classes sky130_fd_sc_hd__and2_2 and sky130_fd_sc_hd__and2_2 are equivalent.

Class sky130_fd_sc_hd__inv_4 (0):  Merged 6 parallel devices.
Class sky130_fd_sc_hd__inv_4 (1):  Merged 6 parallel devices.
Subcircuit summary:
Circuit 1: sky130_fd_sc_hd__inv_4          |Circuit 2: sky130_fd_sc_hd__inv_4          
-------------------------------------------|-------------------------------------------
sky130_fd_pr__pfet_01v8_hvt (4->1)         |sky130_fd_pr__pfet_01v8_hvt (4->1)         
sky130_fd_pr__nfet_01v8 (4->1)             |sky130_fd_pr__nfet_01v8 (4->1)             
Number of devices: 2                       |Number of devices: 2                       
Number of nets: 6                          |Number of nets: 6                          
---------------------------------------------------------------------------------------
Netlists match uniquely.

Subcircuit pins:
Circuit 1: sky130_fd_sc_hd__inv_4          |Circuit 2: sky130_fd_sc_hd__inv_4          
-------------------------------------------|-------------------------------------------
Y                                          |Y                                          
A                                          |A                                          
VGND                                       |VGND                                       
VNB                                        |VNB                                        
VPWR                                       |VPWR                                       
VPB                                        |VPB                                        
---------------------------------------------------------------------------------------
Cell pin lists are equivalent.
Device classes sky130_fd_sc_hd__inv_4 and sky130_fd_sc_hd__inv_4 are equivalent.

Class sky130_fd_sc_hd__dfxbp_2 (0):  Merged 4 parallel devices.
Class sky130_fd_sc_hd__dfxbp_2 (1):  Merged 4 parallel devices.
Subcircuit summary:
Circuit 1: sky130_fd_sc_hd__dfxbp_2        |Circuit 2: sky130_fd_sc_hd__dfxbp_2        
-------------------------------------------|-------------------------------------------
sky130_fd_pr__nfet_01v8 (12->10)           |sky130_fd_pr__nfet_01v8 (12->10)           
sky130_fd_pr__special_nfet_01v8 (4)        |sky130_fd_pr__special_nfet_01v8 (4)        
sky130_fd_pr__pfet_01v8_hvt (16->14)       |sky130_fd_pr__pfet_01v8_hvt (16->14)       
Number of devices: 28                      |Number of devices: 28                      
Number of nets: 20                         |Number of nets: 20                         
---------------------------------------------------------------------------------------
Netlists match uniquely.

Subcircuit pins:
Circuit 1: sky130_fd_sc_hd__dfxbp_2        |Circuit 2: sky130_fd_sc_hd__dfxbp_2        
-------------------------------------------|-------------------------------------------
VPB                                        |VPB                                        
VNB                                        |VNB                                        
VGND                                       |VGND                                       
VPWR                                       |VPWR                                       
Q_N                                        |Q_N                                        
D                                          |D                                          
Q                                          |Q                                          
CLK                                        |CLK                                        
---------------------------------------------------------------------------------------
Cell pin lists are equivalent.
Device classes sky130_fd_sc_hd__dfxbp_2 and sky130_fd_sc_hd__dfxbp_2 are equivalent.
Flattening unmatched subcell sky130_fd_pr__nfet_01v8_BBNS5X in circuit VCO_Final (0)(3 instances)
Flattening unmatched subcell sky130_fd_pr__pfet_01v8_XYUFBL in circuit VCO_Final (0)(4 instances)
Flattening unmatched subcell sky130_fd_pr__pfet_01v8_XGA8MR in circuit VCO_Final (0)(3 instances)
Flattening unmatched subcell sky130_fd_pr__nfet_01v8_MMRDEV in circuit VCO_Final (0)(4 instances)

Subcircuit summary:
Circuit 1: VCO_Final                       |Circuit 2: VCO_Final                       
-------------------------------------------|-------------------------------------------
sky130_fd_sc_hd__inv_2 (1)                 |sky130_fd_sc_hd__inv_2 (1)                 
sky130_fd_pr__nfet_01v8 (7)                |sky130_fd_pr__nfet_01v8 (7)                
sky130_fd_pr__pfet_01v8 (7)                |sky130_fd_pr__pfet_01v8 (7)                
Number of devices: 15                      |Number of devices: 15                      
Number of nets: 14                         |Number of nets: 14                         
---------------------------------------------------------------------------------------
Netlists match uniquely.

Subcircuit pins:
Circuit 1: VCO_Final                       |Circuit 2: VCO_Final                       
-------------------------------------------|-------------------------------------------
vctrl                                      |vctrl                                      
out                                        |out                                        
vss                                        |vss                                        
vdd                                        |vdd                                        
---------------------------------------------------------------------------------------
Cell pin lists are equivalent.
Device classes VCO_Final and VCO_Final are equivalent.

Subcircuit summary:
Circuit 1: pfd                             |Circuit 2: pfd                             
-------------------------------------------|-------------------------------------------
sky130_fd_sc_hd__dfrbp_2 (2)               |sky130_fd_sc_hd__dfrbp_2 (2)               
sky130_fd_sc_hd__and2_2 (1)                |sky130_fd_sc_hd__and2_2 (1)                
sky130_fd_sc_hd__inv_4 (1)                 |sky130_fd_sc_hd__inv_4 (1)                 
Number of devices: 4                       |Number of devices: 4                       
Number of nets: 10                         |Number of nets: 10                         
---------------------------------------------------------------------------------------
Netlists match uniquely.

Subcircuit pins:
Circuit 1: pfd                             |Circuit 2: pfd                             
-------------------------------------------|-------------------------------------------
QA                                         |QA                                         
QB                                         |QB                                         
B                                          |B                                          
A                                          |A                                          
VDD                                        |VDD                                        
VSS                                        |VSS                                        
---------------------------------------------------------------------------------------
Cell pin lists are equivalent.
Device classes pfd and pfd are equivalent.
Flattening unmatched subcell sky130_fd_pr__cap_mim_m3_1_XQ7TVA in circuit pll_integ (0)(1 instance)
Flattening unmatched subcell sky130_fd_pr__cap_mim_m3_1_NJY377 in circuit pll_integ (0)(1 instance)
Flattening unmatched subcell sky130_fd_pr__res_xhigh_po_1p41_K2QYT8 in circuit pll_integ (0)(1 instance)
Flattening unmatched subcell sky130_fd_sc_hd__inv_4#0 in circuit pll_integ (0)(1 instance)
Flattening unmatched subcell divider_3N in circuit pll_integ (0)(1 instance)
Flattening unmatched subcell CHARGE_PUMP in circuit pll_integ (0)(1 instance)
Flattening unmatched subcell sky130_fd_pr__pfet_01v8_XGAKDL in circuit pll_integ (0)(4 instances)
Flattening unmatched subcell sky130_fd_pr__nfet_01v8_PSFW3M in circuit pll_integ (0)(4 instances)
Flattening unmatched subcell cp_layout in circuit pll_layout (1)(1 instance)
Flattening unmatched subcell divider in circuit pll_layout (1)(1 instance)

Flattening instances of sky130_fd_sc_hd__inv_4 in cell pll_layout (1) makes a better match
Making another compare attempt.

Class pll_integ (0):  Merged 15 parallel devices.
Subcircuit summary:
Circuit 1: pll_integ                       |Circuit 2: pll_layout                      
-------------------------------------------|-------------------------------------------
sky130_fd_pr__cap_mim_m3_1 (11->2)         |sky130_fd_pr__cap_mim_m3_1 (11->2)         
VCO_Final (1)                              |VCO_Final (1)                              
sky130_fd_pr__res_xhigh_po_1p41 (1)        |sky130_fd_pr__res_xhigh_po_1p41 (1)        
sky130_fd_pr__pfet_01v8_hvt (4->1)         |sky130_fd_pr__pfet_01v8_hvt (4->1)         
sky130_fd_pr__nfet_01v8 (8->5)             |sky130_fd_pr__nfet_01v8 (8->5)             
pfd (1)                                    |pfd (1)                                    
sky130_fd_sc_hd__dfxbp_2 (3)               |sky130_fd_sc_hd__dfxbp_2 (3)               
sky130_fd_pr__pfet_01v8 (4)                |sky130_fd_pr__pfet_01v8 (4)                
Number of devices: 18                      |Number of devices: 18                      
Number of nets: 20                         |Number of nets: 20                         
---------------------------------------------------------------------------------------
Netlists match uniquely.

Subcircuit pins:
Circuit 1: pll_integ                       |Circuit 2: pll_layout                      
-------------------------------------------|-------------------------------------------
ref                                        |ref                                        
cp_bias                                    |cp_bias                                    
vdd                                        |vdd                                        
vss                                        |vss                                        
out                                        |out                                        
---------------------------------------------------------------------------------------
Cell pin lists are equivalent.
Device classes pll_integ and pll_layout are equivalent.

Final result: Circuits match uniquely.
.
